0 info it worked if it ends with ok
1 verbose cli [ 'C:\\Program Files\\nodejs\\node.exe',
1 verbose cli   'C:\\Program Files\\nodejs\\node_modules\\npm\\bin\\npm-cli.js',
1 verbose cli   'run',
1 verbose cli   'build:dev',
1 verbose cli   '--scripts-prepend-node-path=auto' ]
2 info using npm@3.10.3
3 info using node@v6.6.0
4 verbose run-script [ 'prebuild:dev', 'build:dev', 'postbuild:dev' ]
5 info lifecycle ITB-Wap@1.0.0~prebuild:dev: ITB-Wap@1.0.0
6 silly lifecycle ITB-Wap@1.0.0~prebuild:dev: no script for prebuild:dev, continuing
7 info lifecycle ITB-Wap@1.0.0~build:dev: ITB-Wap@1.0.0
8 verbose lifecycle ITB-Wap@1.0.0~build:dev: unsafe-perm in lifecycle true
9 verbose lifecycle ITB-Wap@1.0.0~build:dev: PATH: C:\Program Files\nodejs\node_modules\npm\bin\node-gyp-bin;D:\develop\Mr.Wang\ITB\APP_微信_Web项目\wap\src\node_modules\.bin;C:\Program Files\nodejs;C:\Windows\system32;D:\WinTools\jdk1.7.0_79/bin;C:\Windows;C:\Windows\System32\Wbem;C:\Windows\System32\WindowsPowerShell\v1.0\;C:\Program Files\Lenovo\Fingerprint Manager Pro\;C:\Program Files\nodejs\;C:\Program Files\Git\cmd;C:\Program Files\Intel\WiFi\bin\;C:\Program Files\Common Files\Intel\WirelessCommon\;C:\Program Files (x86)\Windows Kits\8.1\Windows Performance Toolkit\;C:\Program Files\TortoiseGit\bin;C:\Program Files\TortoiseSVN\bin;C:\Users\opg\AppData\Roaming\npm;C:\Program Files\Intel\WiFi\bin\;C:\Program Files\Common Files\Intel\WirelessCommon\;C:\Program Files (x86)\SSH Communications Security\SSH Secure Shell;C:\Program Files (x86)\Microsoft VS Code\bin
10 verbose lifecycle ITB-Wap@1.0.0~build:dev: CWD: D:\develop\Mr.Wang\ITB\APP_微信_Web项目\wap\src
11 silly lifecycle ITB-Wap@1.0.0~build:dev: Args: [ '/d /s /c', 'fis3 release dev -d ../../git-dist' ]
12 silly lifecycle ITB-Wap@1.0.0~build:dev: Returned: code: 1  signal: null
13 info lifecycle ITB-Wap@1.0.0~build:dev: Failed to exec build:dev script
14 verbose stack Error: ITB-Wap@1.0.0 build:dev: `fis3 release dev -d ../../git-dist`
14 verbose stack Exit status 1
14 verbose stack     at EventEmitter.<anonymous> (C:\Program Files\nodejs\node_modules\npm\lib\utils\lifecycle.js:242:16)
14 verbose stack     at emitTwo (events.js:106:13)
14 verbose stack     at EventEmitter.emit (events.js:191:7)
14 verbose stack     at ChildProcess.<anonymous> (C:\Program Files\nodejs\node_modules\npm\lib\utils\spawn.js:40:14)
14 verbose stack     at emitTwo (events.js:106:13)
14 verbose stack     at ChildProcess.emit (events.js:191:7)
14 verbose stack     at maybeClose (internal/child_process.js:877:16)
14 verbose stack     at Process.ChildProcess._handle.onexit (internal/child_process.js:226:5)
15 verbose pkgid ITB-Wap@1.0.0
16 verbose cwd D:\develop\Mr.Wang\ITB\APP_微信_Web项目\wap\src
17 error Windows_NT 6.1.7601
18 error argv "C:\\Program Files\\nodejs\\node.exe" "C:\\Program Files\\nodejs\\node_modules\\npm\\bin\\npm-cli.js" "run" "build:dev" "--scripts-prepend-node-path=auto"
19 error node v6.6.0
20 error npm  v3.10.3
21 error code ELIFECYCLE
22 error ITB-Wap@1.0.0 build:dev: `fis3 release dev -d ../../git-dist`
22 error Exit status 1
23 error Failed at the ITB-Wap@1.0.0 build:dev script 'fis3 release dev -d ../../git-dist'.
23 error Make sure you have the latest version of node.js and npm installed.
23 error If you do, this is most likely a problem with the ITB-Wap package,
23 error not with npm itself.
23 error Tell the author that this fails on your system:
23 error     fis3 release dev -d ../../git-dist
23 error You can get information on how to open an issue for this project with:
23 error     npm bugs ITB-Wap
23 error Or if that isn't available, you can get their info via:
23 error     npm owner ls ITB-Wap
23 error There is likely additional logging output above.
24 verbose exit [ 1, true ]
